<?xml version="1.0" encoding="UTF-8"?>
<!-- Generated by org.testng.reporters.JUnitReportReporter -->
<testsuite hostname="DESKTOP-VUDSQO6" failures="0" tests="1" name="com.crm.crm_hybridframework.logintest.LoginTest" time="32.940" errors="0" timestamp="2023-03-18T14:44:23 IST" skipped="0">
  <testcase classname="com.crm.crm_hybridframework.logintest.LoginTest" name="test" time="32.940"/>
  <system-out/>
</testsuite> <!-- com.crm.crm_hybridframework.logintest.LoginTest -->
