<?xml version="1.0" encoding="UTF-8"?>
<!-- Generated by org.testng.reporters.JUnitReportReporter -->
<testsuite hostname="DESKTOP-VUDSQO6" failures="0" tests="1" name="com.crm.crm_hybridframework.logintest.ForgotPasswordTest" time="19.061" errors="0" timestamp="2023-03-10T19:08:54 IST" skipped="0">
  <testcase classname="com.crm.crm_hybridframework.logintest.ForgotPasswordTest" name="test" time="19.061"/>
  <system-out/>
</testsuite> <!-- com.crm.crm_hybridframework.logintest.ForgotPasswordTest -->
